<?xml version="1.0" encoding="UTF-8"?>
<!-- Generated by org.testng.reporters.JUnitXMLReporter -->
<testsuite ignored="2" hostname="DESKTOP-8KL260M" failures="0" tests="1" name="Default test" time="0.068" errors="0" timestamp="2022-11-24T21:56:26 PST">
  <testcase classname="personnel_execution.Current_Ac_Test1_28" name="Test1" time="0.012"/>
  <testcase classname="personnel_execution.Current_Ac_Test1_28" name="Test3" time="0.0">
    <ignored/>
  </testcase> <!-- Test3 -->
  <testcase classname="personnel_execution.Current_Ac_Test1_28" name="Test2" time="0.0">
    <ignored/>
  </testcase> <!-- Test2 -->
</testsuite> <!-- Default test -->
