<?xml version="1.0" encoding="UTF-8"?>
<!-- Generated by org.testng.reporters.JUnitXMLReporter -->
<testsuite ignored="1" hostname="DESKTOP-ATC838I" failures="0" tests="2" name="chrome" time="16.454" errors="0" timestamp="2022-12-06T00:15:39 IST">
  <testcase classname="Freedo_domain.TC_0001" name="Login_FB" time="0.689"/>
  <testcase classname="Freedo_domain.TC_0002" name="TC001" time="0.005"/>
  <testcase classname="com.utility.base_class" name="@BeforeSuite BS" time="0.0">
    <ignored/>
  </testcase> <!-- @BeforeSuite BS -->
</testsuite> <!-- chrome -->
