<?xml version="1.0" encoding="UTF-8"?>
<!-- Generated by org.testng.reporters.JUnitXMLReporter -->
<testsuite ignored="0" hostname="Prathmesh" failures="1" tests="3" name="chrome" time="34.835" errors="0" timestamp="2023-01-06T00:39:00 IST">
  <testcase classname="Freedo_domain.TC_0001" name="Login_Account" time="0.916"/>
  <testcase classname="Freedo_domain.TC_0001" name="Verify_user_Management_process" time="0.003">
    <failure type="java.lang.NullPointerException" message="Cannot invoke &amp;quot;com.page_object.home_page.getClick_User_Management()&amp;quot; because &amp;quot;Freedo_domain.TC_0001.home&amp;quot; is null">
      <![CDATA[java.lang.NullPointerException: Cannot invoke "com.page_object.home_page.getClick_User_Management()" because "Freedo_domain.TC_0001.home" is null
at Freedo_domain.TC_0001.Verify_user_Management_process(TC_0001.java:47)
at java.base/java.util.ArrayList.forEach(ArrayList.java:1511)
... Removed 25 stack frames]]>
    </failure>
  </testcase> <!-- Verify_user_Management_process -->
  <testcase classname="Freedo_domain.TC_0001" name="verify_manual_bike_booking" time="26.055"/>
</testsuite> <!-- chrome -->
