<?xml version="1.0" encoding="UTF-8"?>
<testng-results ignored="0" total="2" passed="2" failed="0" skipped="0">
  <reporter-output>
  </reporter-output>
  <suite started-at="2023-03-10T17:21:01 IST" name="Suite" finished-at="2023-03-10T17:21:20 IST" duration-ms="18608">
    <groups>
    </groups>
    <test started-at="2023-03-10T17:21:01 IST" name="Test" finished-at="2023-03-10T17:21:20 IST" duration-ms="18608">
      <class name="sample.TC_0001">
        <test-method is-config="true" signature="BS()[pri:0, instance:sample.TC_0001@3e6104fc]" started-at="2023-03-10T17:21:00 IST" name="BS" finished-at="2023-03-10T17:21:01 IST" duration-ms="890" status="PASS">
          <reporter-output>
          </reporter-output>
        </test-method> <!-- BS -->
        <test-method is-config="true" signature="browser()[pri:0, instance:sample.TC_0001@3e6104fc]" started-at="2023-03-10T17:21:01 IST" name="browser" finished-at="2023-03-10T17:21:05 IST" duration-ms="4273" status="PASS">
          <reporter-output>
          </reporter-output>
        </test-method> <!-- browser -->
        <test-method signature="Login_Account()[pri:0, instance:sample.TC_0001@3e6104fc]" started-at="2023-03-10T17:21:05 IST" name="Login_Account" finished-at="2023-03-10T17:21:09 IST" duration-ms="3620" status="PASS">
          <reporter-output>
          </reporter-output>
        </test-method> <!-- Login_Account -->
        <test-method signature="TC_0014_Verify_Select_status_drop_down_All_tab_negative()[pri:0, instance:sample.TC_0001@3e6104fc]" started-at="2023-03-10T17:21:09 IST" name="TC_0014_Verify_Select_status_drop_down_All_tab_negative" finished-at="2023-03-10T17:21:19 IST" duration-ms="10457" status="PASS">
          <reporter-output>
          </reporter-output>
        </test-method> <!-- TC_0014_Verify_Select_status_drop_down_All_tab_negative -->
        <test-method is-config="true" signature="teardown()[pri:0, instance:sample.TC_0001@3e6104fc]" started-at="2023-03-10T17:21:19 IST" name="teardown" finished-at="2023-03-10T17:21:20 IST" duration-ms="200" status="PASS">
          <reporter-output>
          </reporter-output>
        </test-method> <!-- teardown -->
      </class> <!-- sample.TC_0001 -->
    </test> <!-- Test -->
  </suite> <!-- Suite -->
</testng-results>
