<?xml version="1.0" encoding="UTF-8"?>
<testng-results ignored="0" total="2" passed="2" failed="0" skipped="0">
  <reporter-output>
  </reporter-output>
  <suite started-at="2023-03-06T17:30:24 IST" name="Suite" finished-at="2023-03-06T17:30:43 IST" duration-ms="18654">
    <groups>
    </groups>
    <test started-at="2023-03-06T17:30:24 IST" name="Test" finished-at="2023-03-06T17:30:43 IST" duration-ms="18654">
      <class name="sample.TC_0001">
        <test-method is-config="true" signature="BS()[pri:0, instance:sample.TC_0001@38089a5a]" started-at="2023-03-06T17:30:23 IST" name="BS" finished-at="2023-03-06T17:30:24 IST" duration-ms="823" status="PASS">
          <reporter-output>
          </reporter-output>
        </test-method> <!-- BS -->
        <test-method is-config="true" signature="browser()[pri:0, instance:sample.TC_0001@38089a5a]" started-at="2023-03-06T17:30:24 IST" name="browser" finished-at="2023-03-06T17:30:28 IST" duration-ms="3307" status="PASS">
          <reporter-output>
          </reporter-output>
        </test-method> <!-- browser -->
        <test-method signature="Login_Account()[pri:0, instance:sample.TC_0001@38089a5a]" started-at="2023-03-06T17:30:28 IST" name="Login_Account" finished-at="2023-03-06T17:30:29 IST" duration-ms="1352" status="PASS">
          <reporter-output>
          </reporter-output>
        </test-method> <!-- Login_Account -->
        <test-method signature="TC_0078_Verify_valid_vehicle_search_through_Search_by_Vehicle_no()[pri:0, instance:sample.TC_0001@38089a5a]" started-at="2023-03-06T17:30:29 IST" name="TC_0078_Verify_valid_vehicle_search_through_Search_by_Vehicle_no" finished-at="2023-03-06T17:30:43 IST" duration-ms="13961" status="PASS">
          <reporter-output>
          </reporter-output>
        </test-method> <!-- TC_0078_Verify_valid_vehicle_search_through_Search_by_Vehicle_no -->
        <test-method is-config="true" signature="teardown()[pri:0, instance:sample.TC_0001@38089a5a]" started-at="2023-03-06T17:30:43 IST" name="teardown" finished-at="2023-03-06T17:30:43 IST" duration-ms="1" status="PASS">
          <reporter-output>
          </reporter-output>
        </test-method> <!-- teardown -->
      </class> <!-- sample.TC_0001 -->
    </test> <!-- Test -->
  </suite> <!-- Suite -->
</testng-results>
