<?xml version="1.0" encoding="UTF-8"?>
<testng-results ignored="1" total="8" passed="7" failed="0" skipped="0">
  <reporter-output>
  </reporter-output>
  <suite started-at="2023-02-17T15:09:16 IST" name="Suite" finished-at="2023-02-17T15:10:18 IST" duration-ms="61877">
    <groups>
    </groups>
    <test started-at="2023-02-17T15:09:16 IST" name="chrome" finished-at="2023-02-17T15:10:18 IST" duration-ms="61877">
      <class name="Freedo_domain.web_admin_1">
        <test-method is-config="true" signature="BS()[pri:0, instance:Freedo_domain.web_admin_1@43df23d3]" started-at="2023-02-17T15:09:14 IST" name="BS" finished-at="2023-02-17T15:09:16 IST" duration-ms="1724" status="PASS">
          <reporter-output>
          </reporter-output>
        </test-method> <!-- BS -->
        <test-method is-config="true" signature="browser(java.lang.String)[pri:0, instance:Freedo_domain.web_admin_1@43df23d3]" started-at="2023-02-17T15:09:16 IST" name="browser" finished-at="2023-02-17T15:09:22 IST" duration-ms="6312" status="PASS">
          <params>
            <param index="0">
              <value>
                <![CDATA[chrome]]>
              </value>
            </param>
          </params>
          <reporter-output>
          </reporter-output>
        </test-method> <!-- browser -->
        <test-method signature="TC_001_verify_valid_launch_of_web_application()[pri:0, instance:Freedo_domain.web_admin_1@43df23d3]" started-at="2023-02-17T15:09:22 IST" name="TC_001_verify_valid_launch_of_web_application" finished-at="2023-02-17T15:09:22 IST" duration-ms="84" status="PASS">
          <reporter-output>
          </reporter-output>
        </test-method> <!-- TC_001_verify_valid_launch_of_web_application -->
        <test-method signature="TC_002_verify_invalid_launch_of_web_application()[pri:0, instance:Freedo_domain.web_admin_1@43df23d3]" started-at="2023-02-17T15:09:22 IST" name="TC_002_verify_invalid_launch_of_web_application" finished-at="2023-02-17T15:09:32 IST" duration-ms="9626" status="PASS">
          <reporter-output>
          </reporter-output>
        </test-method> <!-- TC_002_verify_invalid_launch_of_web_application -->
        <test-method signature="TC_003_verify_invalid_Login_functionality()[pri:0, instance:Freedo_domain.web_admin_1@43df23d3]" started-at="2023-02-17T15:09:32 IST" name="TC_003_verify_invalid_Login_functionality" finished-at="2023-02-17T15:09:34 IST" duration-ms="1997" status="PASS">
          <reporter-output>
          </reporter-output>
        </test-method> <!-- TC_003_verify_invalid_Login_functionality -->
        <test-method signature="TC_005_verify_valid_Login_funcationality()[pri:0, instance:Freedo_domain.web_admin_1@43df23d3]" started-at="2023-02-17T15:09:34 IST" name="TC_005_verify_valid_Login_funcationality" finished-at="2023-02-17T15:09:36 IST" duration-ms="2628" status="PASS">
          <reporter-output>
          </reporter-output>
        </test-method> <!-- TC_005_verify_valid_Login_funcationality -->
        <test-method signature="TC_006_verify_content_Home_page_of_Admin()[pri:0, instance:Freedo_domain.web_admin_1@43df23d3]" started-at="2023-02-17T15:09:36 IST" name="TC_006_verify_content_Home_page_of_Admin" finished-at="2023-02-17T15:09:59 IST" duration-ms="22373" status="PASS">
          <reporter-output>
          </reporter-output>
        </test-method> <!-- TC_006_verify_content_Home_page_of_Admin -->
        <test-method signature="TC_007_verify_content_of_Dashboard()[pri:0, instance:Freedo_domain.web_admin_1@43df23d3]" started-at="2023-02-17T15:09:59 IST" name="TC_007_verify_content_of_Dashboard" finished-at="2023-02-17T15:10:07 IST" duration-ms="8149" status="PASS">
          <reporter-output>
          </reporter-output>
        </test-method> <!-- TC_007_verify_content_of_Dashboard -->
        <test-method signature="TC_008_verify_valid_Vehicle_statistics_count()[pri:0, instance:Freedo_domain.web_admin_1@43df23d3]" started-at="2023-02-17T15:10:07 IST" name="TC_008_verify_valid_Vehicle_statistics_count" finished-at="2023-02-17T15:10:18 IST" duration-ms="10558" status="PASS">
          <reporter-output>
          </reporter-output>
        </test-method> <!-- TC_008_verify_valid_Vehicle_statistics_count -->
        <test-method is-config="true" signature="teardown()[pri:0, instance:Freedo_domain.web_admin_1@43df23d3]" started-at="2023-02-17T15:10:18 IST" name="teardown" finished-at="2023-02-17T15:10:18 IST" duration-ms="86" status="PASS">
          <reporter-output>
          </reporter-output>
        </test-method> <!-- teardown -->
      </class> <!-- Freedo_domain.web_admin_1 -->
    </test> <!-- chrome -->
  </suite> <!-- Suite -->
</testng-results>
