<?xml version="1.0" encoding="UTF-8"?>
<testng-results ignored="0" total="2" passed="2" failed="0" skipped="0">
  <reporter-output>
  </reporter-output>
  <suite started-at="2022-12-07T09:54:47 IST" name="Suite" finished-at="2022-12-07T09:54:47 IST" duration-ms="0">
    <groups>
    </groups>
  </suite> <!-- Suite -->
  <suite started-at="2022-12-07T09:54:44 IST" name="Suite (1)" finished-at="2022-12-07T09:54:47 IST" duration-ms="3369">
    <groups>
    </groups>
    <test started-at="2022-12-07T09:54:44 IST" name="Test" finished-at="2022-12-07T09:54:47 IST" duration-ms="3369">
      <class name="Freedo_domain.TC_0002">
        <test-method is-config="true" signature="BS()[pri:0, instance:Freedo_domain.TC_0002@28cda624]" started-at="2022-12-07T09:54:44 IST" name="BS" finished-at="2022-12-07T09:54:44 IST" duration-ms="104" status="PASS">
          <reporter-output>
          </reporter-output>
        </test-method> <!-- BS -->
        <test-method is-config="true" signature="browser(java.lang.String)[pri:0, instance:Freedo_domain.TC_0002@28cda624]" started-at="2022-12-07T09:54:44 IST" name="browser" finished-at="2022-12-07T09:54:47 IST" duration-ms="2920" status="PASS">
          <params>
            <param index="0">
              <value>
                <![CDATA[chrome]]>
              </value>
            </param>
          </params>
          <reporter-output>
          </reporter-output>
        </test-method> <!-- browser -->
        <test-method signature="Justcheck()[pri:0, instance:Freedo_domain.TC_0002@28cda624]" started-at="2022-12-07T09:54:47 IST" name="Justcheck" finished-at="2022-12-07T09:54:47 IST" duration-ms="4" status="PASS">
          <reporter-output>
          </reporter-output>
        </test-method> <!-- Justcheck -->
        <test-method is-config="true" signature="teardown()[pri:0, instance:Freedo_domain.TC_0002@28cda624]" started-at="2022-12-07T09:54:47 IST" name="teardown" finished-at="2022-12-07T09:54:47 IST" duration-ms="278" status="PASS">
          <reporter-output>
          </reporter-output>
        </test-method> <!-- teardown -->
      </class> <!-- Freedo_domain.TC_0002 -->
    </test> <!-- Test -->
  </suite> <!-- Suite (1) -->
  <suite started-at="2022-12-07T09:54:31 IST" name="Suite (0)" finished-at="2022-12-07T09:54:43 IST" duration-ms="12061">
    <groups>
    </groups>
    <test started-at="2022-12-07T09:54:31 IST" name="Test" finished-at="2022-12-07T09:54:43 IST" duration-ms="12061">
      <class name="Freedo_domain.TC_0001">
        <test-method is-config="true" signature="BS()[pri:0, instance:Freedo_domain.TC_0001@194fad1]" started-at="2022-12-07T09:54:30 IST" name="BS" finished-at="2022-12-07T09:54:31 IST" duration-ms="1336" status="PASS">
          <reporter-output>
          </reporter-output>
        </test-method> <!-- BS -->
        <test-method is-config="true" signature="browser(java.lang.String)[pri:0, instance:Freedo_domain.TC_0001@194fad1]" started-at="2022-12-07T09:54:31 IST" name="browser" finished-at="2022-12-07T09:54:36 IST" duration-ms="4571" status="PASS">
          <params>
            <param index="0">
              <value>
                <![CDATA[chrome]]>
              </value>
            </param>
          </params>
          <reporter-output>
          </reporter-output>
        </test-method> <!-- browser -->
        <test-method signature="Login_FB()[pri:0, instance:Freedo_domain.TC_0001@194fad1]" started-at="2022-12-07T09:54:36 IST" name="Login_FB" finished-at="2022-12-07T09:54:36 IST" duration-ms="690" status="PASS">
          <reporter-output>
          </reporter-output>
        </test-method> <!-- Login_FB -->
        <test-method is-config="true" signature="teardown()[pri:0, instance:Freedo_domain.TC_0001@194fad1]" started-at="2022-12-07T09:54:43 IST" name="teardown" finished-at="2022-12-07T09:54:43 IST" duration-ms="541" status="PASS">
          <reporter-output>
          </reporter-output>
        </test-method> <!-- teardown -->
      </class> <!-- Freedo_domain.TC_0001 -->
    </test> <!-- Test -->
  </suite> <!-- Suite (0) -->
</testng-results>
