<?xml version="1.0" encoding="UTF-8"?>
<testng-results ignored="0" total="2" passed="2" failed="0" skipped="0">
  <reporter-output>
  </reporter-output>
  <suite started-at="2022-12-06T01:16:37 IST" name="Suite" finished-at="2022-12-06T01:16:37 IST" duration-ms="0">
    <groups>
    </groups>
  </suite> <!-- Suite -->
  <suite started-at="2022-12-06T01:16:33 IST" name="Suite (1)" finished-at="2022-12-06T01:16:37 IST" duration-ms="3580">
    <groups>
    </groups>
    <test started-at="2022-12-06T01:16:33 IST" name="Test" finished-at="2022-12-06T01:16:37 IST" duration-ms="3580">
      <class name="Freedo_domain.TC_0002">
        <test-method is-config="true" signature="BS()[pri:0, instance:Freedo_domain.TC_0002@28cda624]" started-at="2022-12-06T01:16:33 IST" name="BS" finished-at="2022-12-06T01:16:33 IST" duration-ms="75" status="PASS">
          <reporter-output>
          </reporter-output>
        </test-method> <!-- BS -->
        <test-method is-config="true" signature="browser(java.lang.String)[pri:0, instance:Freedo_domain.TC_0002@28cda624]" started-at="2022-12-06T01:16:33 IST" name="browser" finished-at="2022-12-06T01:16:36 IST" duration-ms="3111" status="PASS">
          <params>
            <param index="0">
              <value>
                <![CDATA[chrome]]>
              </value>
            </param>
          </params>
          <reporter-output>
          </reporter-output>
        </test-method> <!-- browser -->
        <test-method signature="TC001()[pri:0, instance:Freedo_domain.TC_0002@28cda624]" started-at="2022-12-06T01:16:36 IST" name="TC001" finished-at="2022-12-06T01:16:36 IST" duration-ms="3" status="PASS">
          <reporter-output>
          </reporter-output>
        </test-method> <!-- TC001 -->
        <test-method is-config="true" signature="teardown()[pri:0, instance:Freedo_domain.TC_0002@28cda624]" started-at="2022-12-06T01:16:37 IST" name="teardown" finished-at="2022-12-06T01:16:37 IST" duration-ms="295" status="PASS">
          <reporter-output>
          </reporter-output>
        </test-method> <!-- teardown -->
      </class> <!-- Freedo_domain.TC_0002 -->
    </test> <!-- Test -->
  </suite> <!-- Suite (1) -->
  <suite started-at="2022-12-06T01:16:23 IST" name="Suite (0)" finished-at="2022-12-06T01:16:33 IST" duration-ms="10253">
    <groups>
    </groups>
    <test started-at="2022-12-06T01:16:23 IST" name="Test" finished-at="2022-12-06T01:16:33 IST" duration-ms="10253">
      <class name="Freedo_domain.TC_0001">
        <test-method is-config="true" signature="BS()[pri:0, instance:Freedo_domain.TC_0001@194fad1]" started-at="2022-12-06T01:16:21 IST" name="BS" finished-at="2022-12-06T01:16:23 IST" duration-ms="1386" status="PASS">
          <reporter-output>
          </reporter-output>
        </test-method> <!-- BS -->
        <test-method is-config="true" signature="browser(java.lang.String)[pri:0, instance:Freedo_domain.TC_0001@194fad1]" started-at="2022-12-06T01:16:23 IST" name="browser" finished-at="2022-12-06T01:16:28 IST" duration-ms="5415" status="PASS">
          <params>
            <param index="0">
              <value>
                <![CDATA[chrome]]>
              </value>
            </param>
          </params>
          <reporter-output>
          </reporter-output>
        </test-method> <!-- browser -->
        <test-method signature="Login_FB()[pri:0, instance:Freedo_domain.TC_0001@194fad1]" started-at="2022-12-06T01:16:28 IST" name="Login_FB" finished-at="2022-12-06T01:16:28 IST" duration-ms="460" status="PASS">
          <reporter-output>
          </reporter-output>
        </test-method> <!-- Login_FB -->
        <test-method is-config="true" signature="teardown()[pri:0, instance:Freedo_domain.TC_0001@194fad1]" started-at="2022-12-06T01:16:32 IST" name="teardown" finished-at="2022-12-06T01:16:33 IST" duration-ms="422" status="PASS">
          <reporter-output>
          </reporter-output>
        </test-method> <!-- teardown -->
      </class> <!-- Freedo_domain.TC_0001 -->
    </test> <!-- Test -->
  </suite> <!-- Suite (0) -->
</testng-results>
