<?xml version="1.0" encoding="UTF-8"?>
<testng-results ignored="0" total="3" passed="3" failed="0" skipped="0">
  <reporter-output>
  </reporter-output>
  <suite started-at="2023-01-03T00:57:03 IST" name="Suite" finished-at="2023-01-03T00:57:29 IST" duration-ms="25726">
    <groups>
    </groups>
    <test started-at="2023-01-03T00:57:03 IST" name="chrome" finished-at="2023-01-03T00:57:14 IST" duration-ms="10656">
      <class name="Freedo_domain.TC_0001">
        <test-method is-config="true" signature="browser(java.lang.String)[pri:0, instance:Freedo_domain.TC_0001@3ad83a66]" started-at="2023-01-03T00:57:03 IST" name="browser" finished-at="2023-01-03T00:57:07 IST" duration-ms="4550" status="PASS">
          <params>
            <param index="0">
              <value>
                <![CDATA[chrome]]>
              </value>
            </param>
          </params>
          <reporter-output>
          </reporter-output>
        </test-method> <!-- browser -->
        <test-method signature="Login_Account()[pri:0, instance:Freedo_domain.TC_0001@3ad83a66]" started-at="2023-01-03T00:57:07 IST" name="Login_Account" finished-at="2023-01-03T00:57:08 IST" duration-ms="922" status="PASS">
          <reporter-output>
          </reporter-output>
        </test-method> <!-- Login_Account -->
        <test-method is-config="true" signature="teardown()[pri:0, instance:Freedo_domain.TC_0001@3ad83a66]" started-at="2023-01-03T00:57:09 IST" name="teardown" finished-at="2023-01-03T00:57:14 IST" duration-ms="4088" status="PASS">
          <reporter-output>
          </reporter-output>
        </test-method> <!-- teardown -->
      </class> <!-- Freedo_domain.TC_0001 -->
    </test> <!-- chrome -->
    <test started-at="2023-01-03T00:57:14 IST" name="edge" finished-at="2023-01-03T00:57:21 IST" duration-ms="6839">
      <class name="Freedo_domain.TC_0001">
        <test-method is-config="true" signature="browser(java.lang.String)[pri:0, instance:Freedo_domain.TC_0001@210ab13f]" started-at="2023-01-03T00:57:14 IST" name="browser" finished-at="2023-01-03T00:57:19 IST" duration-ms="4537" status="PASS">
          <params>
            <param index="0">
              <value>
                <![CDATA[edge]]>
              </value>
            </param>
          </params>
          <reporter-output>
          </reporter-output>
        </test-method> <!-- browser -->
        <test-method signature="Login_Account()[pri:0, instance:Freedo_domain.TC_0001@210ab13f]" started-at="2023-01-03T00:57:19 IST" name="Login_Account" finished-at="2023-01-03T00:57:19 IST" duration-ms="922" status="PASS">
          <reporter-output>
          </reporter-output>
        </test-method> <!-- Login_Account -->
        <test-method is-config="true" signature="teardown()[pri:0, instance:Freedo_domain.TC_0001@210ab13f]" started-at="2023-01-03T00:57:21 IST" name="teardown" finished-at="2023-01-03T00:57:21 IST" duration-ms="196" status="PASS">
          <reporter-output>
          </reporter-output>
        </test-method> <!-- teardown -->
      </class> <!-- Freedo_domain.TC_0001 -->
    </test> <!-- edge -->
    <test started-at="2023-01-03T00:57:21 IST" name="firefox" finished-at="2023-01-03T00:57:29 IST" duration-ms="7754">
      <class name="Freedo_domain.TC_0001">
        <test-method is-config="true" signature="BS()[pri:0, instance:Freedo_domain.TC_0001@29d80d2b]" started-at="2023-01-03T00:57:02 IST" name="BS" finished-at="2023-01-03T00:57:03 IST" duration-ms="708" status="PASS">
          <reporter-output>
          </reporter-output>
        </test-method> <!-- BS -->
        <test-method is-config="true" signature="browser(java.lang.String)[pri:0, instance:Freedo_domain.TC_0001@29d80d2b]" started-at="2023-01-03T00:57:21 IST" name="browser" finished-at="2023-01-03T00:57:26 IST" duration-ms="5466" status="PASS">
          <params>
            <param index="0">
              <value>
                <![CDATA[firefox]]>
              </value>
            </param>
          </params>
          <reporter-output>
          </reporter-output>
        </test-method> <!-- browser -->
        <test-method signature="Login_Account()[pri:0, instance:Freedo_domain.TC_0001@29d80d2b]" started-at="2023-01-03T00:57:26 IST" name="Login_Account" finished-at="2023-01-03T00:57:28 IST" duration-ms="1178" status="PASS">
          <reporter-output>
          </reporter-output>
        </test-method> <!-- Login_Account -->
        <test-method is-config="true" signature="teardown()[pri:0, instance:Freedo_domain.TC_0001@29d80d2b]" started-at="2023-01-03T00:57:28 IST" name="teardown" finished-at="2023-01-03T00:57:29 IST" duration-ms="751" status="PASS">
          <reporter-output>
          </reporter-output>
        </test-method> <!-- teardown -->
      </class> <!-- Freedo_domain.TC_0001 -->
    </test> <!-- firefox -->
  </suite> <!-- Suite -->
</testng-results>
