<?xml version="1.0" encoding="UTF-8"?>
<testng-results ignored="0" total="2" passed="2" failed="0" skipped="0">
  <reporter-output>
  </reporter-output>
  <suite started-at="2023-03-02T00:23:57 IST" name="Suite" finished-at="2023-03-02T00:24:17 IST" duration-ms="20446">
    <groups>
    </groups>
    <test started-at="2023-03-02T00:23:57 IST" name="Test" finished-at="2023-03-02T00:24:17 IST" duration-ms="20446">
      <class name="sample.TC_0001">
        <test-method is-config="true" signature="BS()[pri:0, instance:sample.TC_0001@38089a5a]" started-at="2023-03-02T00:23:56 IST" name="BS" finished-at="2023-03-02T00:23:57 IST" duration-ms="1332" status="PASS">
          <reporter-output>
          </reporter-output>
        </test-method> <!-- BS -->
        <test-method is-config="true" signature="browser()[pri:0, instance:sample.TC_0001@38089a5a]" started-at="2023-03-02T00:23:57 IST" name="browser" finished-at="2023-03-02T00:24:01 IST" duration-ms="4001" status="PASS">
          <reporter-output>
          </reporter-output>
        </test-method> <!-- browser -->
        <test-method signature="Login_Account()[pri:0, instance:sample.TC_0001@38089a5a]" started-at="2023-03-02T00:24:01 IST" name="Login_Account" finished-at="2023-03-02T00:24:02 IST" duration-ms="1458" status="PASS">
          <reporter-output>
          </reporter-output>
        </test-method> <!-- Login_Account -->
        <test-method signature="TC_014_verify_admin_approve_request()[pri:0, instance:sample.TC_0001@38089a5a]" started-at="2023-03-02T00:24:02 IST" name="TC_014_verify_admin_approve_request" finished-at="2023-03-02T00:24:17 IST" duration-ms="14940" status="PASS">
          <reporter-output>
          </reporter-output>
        </test-method> <!-- TC_014_verify_admin_approve_request -->
        <test-method is-config="true" signature="teardown()[pri:0, instance:sample.TC_0001@38089a5a]" started-at="2023-03-02T00:24:17 IST" name="teardown" finished-at="2023-03-02T00:24:17 IST" duration-ms="1" status="PASS">
          <reporter-output>
          </reporter-output>
        </test-method> <!-- teardown -->
      </class> <!-- sample.TC_0001 -->
    </test> <!-- Test -->
  </suite> <!-- Suite -->
</testng-results>
