<?xml version="1.0" encoding="UTF-8"?>
<testng-results ignored="0" total="1" passed="1" failed="0" skipped="0">
  <reporter-output>
  </reporter-output>
  <suite started-at="2022-12-05T23:52:45 IST" name="Suite" finished-at="2022-12-05T23:52:58 IST" duration-ms="13023">
    <groups>
    </groups>
    <test started-at="2022-12-05T23:52:45 IST" name="chrome" finished-at="2022-12-05T23:52:58 IST" duration-ms="13023">
      <class name="Freedo_domain.TC_0001">
        <test-method is-config="true" signature="BS()[pri:0, instance:Freedo_domain.TC_0001@5b38c1ec]" started-at="2022-12-05T23:52:44 IST" name="BS" finished-at="2022-12-05T23:52:45 IST" duration-ms="1015" status="PASS">
          <reporter-output>
          </reporter-output>
        </test-method> <!-- BS -->
        <test-method is-config="true" signature="browser(java.lang.String)[pri:0, instance:Freedo_domain.TC_0001@5b38c1ec]" started-at="2022-12-05T23:52:45 IST" name="browser" finished-at="2022-12-05T23:52:50 IST" duration-ms="5140" status="PASS">
          <params>
            <param index="0">
              <value>
                <![CDATA[chrome]]>
              </value>
            </param>
          </params>
          <reporter-output>
          </reporter-output>
        </test-method> <!-- browser -->
        <test-method signature="Login_FB()[pri:0, instance:Freedo_domain.TC_0001@5b38c1ec]" started-at="2022-12-05T23:52:50 IST" name="Login_FB" finished-at="2022-12-05T23:52:50 IST" duration-ms="673" status="PASS">
          <reporter-output>
          </reporter-output>
        </test-method> <!-- Login_FB -->
        <test-method is-config="true" signature="teardown()[pri:0, instance:Freedo_domain.TC_0001@5b38c1ec]" started-at="2022-12-05T23:52:57 IST" name="teardown" finished-at="2022-12-05T23:52:58 IST" duration-ms="448" status="PASS">
          <reporter-output>
          </reporter-output>
        </test-method> <!-- teardown -->
      </class> <!-- Freedo_domain.TC_0001 -->
    </test> <!-- chrome -->
  </suite> <!-- Suite -->
</testng-results>
