<?xml version="1.0" encoding="UTF-8"?>
<testng-results ignored="0" total="2" passed="2" failed="0" skipped="0">
  <reporter-output>
  </reporter-output>
  <suite started-at="2023-03-14T17:11:39 IST" name="Suite" finished-at="2023-03-14T17:12:00 IST" duration-ms="21065">
    <groups>
    </groups>
    <test started-at="2023-03-14T17:11:39 IST" name="Test" finished-at="2023-03-14T17:12:00 IST" duration-ms="21065">
      <class name="sample.TC_0001">
        <test-method is-config="true" signature="BS()[pri:0, instance:sample.TC_0001@3e6104fc]" started-at="2023-03-14T17:11:38 IST" name="BS" finished-at="2023-03-14T17:11:39 IST" duration-ms="969" status="PASS">
          <reporter-output>
          </reporter-output>
        </test-method> <!-- BS -->
        <test-method is-config="true" signature="browser()[pri:0, instance:sample.TC_0001@3e6104fc]" started-at="2023-03-14T17:11:39 IST" name="browser" finished-at="2023-03-14T17:11:44 IST" duration-ms="4441" status="PASS">
          <reporter-output>
          </reporter-output>
        </test-method> <!-- browser -->
        <test-method signature="Login_Account()[pri:1, instance:sample.TC_0001@3e6104fc]" started-at="2023-03-14T17:11:44 IST" name="Login_Account" finished-at="2023-03-14T17:11:49 IST" duration-ms="5734" status="PASS">
          <reporter-output>
          </reporter-output>
        </test-method> <!-- Login_Account -->
        <test-method signature="TC_0032_verify_the_Delete_icon_by_clicking_on_it_under_Action()[pri:32, instance:sample.TC_0001@3e6104fc]" started-at="2023-03-14T17:11:49 IST" name="TC_0032_verify_the_Delete_icon_by_clicking_on_it_under_Action" finished-at="2023-03-14T17:12:00 IST" duration-ms="10810" status="PASS">
          <reporter-output>
          </reporter-output>
        </test-method> <!-- TC_0032_verify_the_Delete_icon_by_clicking_on_it_under_Action -->
        <test-method is-config="true" signature="teardown()[pri:0, instance:sample.TC_0001@3e6104fc]" started-at="2023-03-14T17:12:00 IST" name="teardown" finished-at="2023-03-14T17:12:00 IST" duration-ms="1" status="PASS">
          <reporter-output>
          </reporter-output>
        </test-method> <!-- teardown -->
      </class> <!-- sample.TC_0001 -->
    </test> <!-- Test -->
  </suite> <!-- Suite -->
</testng-results>
