<?xml version="1.0" encoding="UTF-8"?>
<testng-results ignored="0" total="2" passed="2" failed="0" skipped="0">
  <reporter-output>
  </reporter-output>
  <suite started-at="2023-03-13T23:19:18 IST" name="Suite" finished-at="2023-03-13T23:19:41 IST" duration-ms="22684">
    <groups>
    </groups>
    <test started-at="2023-03-13T23:19:18 IST" name="Test" finished-at="2023-03-13T23:19:41 IST" duration-ms="22684">
      <class name="sample.TC_0001">
        <test-method is-config="true" signature="BS()[pri:0, instance:sample.TC_0001@3e6104fc]" started-at="2023-03-13T23:19:17 IST" name="BS" finished-at="2023-03-13T23:19:18 IST" duration-ms="943" status="PASS">
          <reporter-output>
          </reporter-output>
        </test-method> <!-- BS -->
        <test-method is-config="true" signature="browser()[pri:0, instance:sample.TC_0001@3e6104fc]" started-at="2023-03-13T23:19:18 IST" name="browser" finished-at="2023-03-13T23:19:22 IST" duration-ms="3857" status="PASS">
          <reporter-output>
          </reporter-output>
        </test-method> <!-- browser -->
        <test-method signature="Login_Account()[pri:1, instance:sample.TC_0001@3e6104fc]" started-at="2023-03-13T23:19:22 IST" name="Login_Account" finished-at="2023-03-13T23:19:28 IST" duration-ms="5491" status="PASS">
          <reporter-output>
          </reporter-output>
        </test-method> <!-- Login_Account -->
        <test-method signature="TC_0029_verify_the_View_icon_by_clicking_on_it_under_Action()[pri:29, instance:sample.TC_0001@3e6104fc]" started-at="2023-03-13T23:19:28 IST" name="TC_0029_verify_the_View_icon_by_clicking_on_it_under_Action" finished-at="2023-03-13T23:19:41 IST" duration-ms="13242" status="PASS">
          <reporter-output>
          </reporter-output>
        </test-method> <!-- TC_0029_verify_the_View_icon_by_clicking_on_it_under_Action -->
        <test-method is-config="true" signature="teardown()[pri:0, instance:sample.TC_0001@3e6104fc]" started-at="2023-03-13T23:19:41 IST" name="teardown" finished-at="2023-03-13T23:19:41 IST" duration-ms="1" status="PASS">
          <reporter-output>
          </reporter-output>
        </test-method> <!-- teardown -->
      </class> <!-- sample.TC_0001 -->
    </test> <!-- Test -->
  </suite> <!-- Suite -->
</testng-results>
