<?xml version="1.0" encoding="UTF-8"?>
<testng-results ignored="0" total="2" passed="2" failed="0" skipped="0">
  <reporter-output>
  </reporter-output>
  <suite started-at="2023-03-09T15:00:09 IST" name="Suite" finished-at="2023-03-09T15:00:22 IST" duration-ms="12714">
    <groups>
    </groups>
    <test started-at="2023-03-09T15:00:09 IST" name="Test" finished-at="2023-03-09T15:00:22 IST" duration-ms="12714">
      <class name="sample.TC_0001">
        <test-method is-config="true" signature="BS()[pri:0, instance:sample.TC_0001@38089a5a]" started-at="2023-03-09T15:00:08 IST" name="BS" finished-at="2023-03-09T15:00:09 IST" duration-ms="989" status="PASS">
          <reporter-output>
          </reporter-output>
        </test-method> <!-- BS -->
        <test-method is-config="true" signature="browser()[pri:0, instance:sample.TC_0001@38089a5a]" started-at="2023-03-09T15:00:09 IST" name="browser" finished-at="2023-03-09T15:00:13 IST" duration-ms="3720" status="PASS">
          <reporter-output>
          </reporter-output>
        </test-method> <!-- browser -->
        <test-method signature="Login_Account()[pri:0, instance:sample.TC_0001@38089a5a]" started-at="2023-03-09T15:00:13 IST" name="Login_Account" finished-at="2023-03-09T15:00:14 IST" duration-ms="1583" status="PASS">
          <reporter-output>
          </reporter-output>
        </test-method> <!-- Login_Account -->
        <test-method signature="TC_008_Verify_all_elements_of_the_Select_status_drop_down()[pri:0, instance:sample.TC_0001@38089a5a]" started-at="2023-03-09T15:00:14 IST" name="TC_008_Verify_all_elements_of_the_Select_status_drop_down" finished-at="2023-03-09T15:00:22 IST" duration-ms="7226" status="PASS">
          <reporter-output>
          </reporter-output>
        </test-method> <!-- TC_008_Verify_all_elements_of_the_Select_status_drop_down -->
        <test-method is-config="true" signature="teardown()[pri:0, instance:sample.TC_0001@38089a5a]" started-at="2023-03-09T15:00:22 IST" name="teardown" finished-at="2023-03-09T15:00:22 IST" duration-ms="125" status="PASS">
          <reporter-output>
          </reporter-output>
        </test-method> <!-- teardown -->
      </class> <!-- sample.TC_0001 -->
    </test> <!-- Test -->
  </suite> <!-- Suite -->
</testng-results>
