<?xml version="1.0" encoding="UTF-8"?>
<testng-results ignored="0" total="1" passed="1" failed="0" skipped="0">
  <reporter-output>
  </reporter-output>
  <suite started-at="2022-11-23T23:39:35 IST" name="Suite" finished-at="2022-11-23T23:39:42 IST" duration-ms="6246">
    <groups>
    </groups>
    <test started-at="2022-11-23T23:39:35 IST" name="Test" finished-at="2022-11-23T23:39:42 IST" duration-ms="6246">
      <class name="Merlin_domain.TC_0001">
        <test-method is-config="true" signature="BS()[pri:0, instance:Merlin_domain.TC_0001@54e1c68b]" started-at="2022-11-23T23:39:34 IST" name="BS" finished-at="2022-11-23T23:39:35 IST" duration-ms="1033" status="PASS">
          <reporter-output>
          </reporter-output>
        </test-method> <!-- BS -->
        <test-method is-config="true" signature="browser(java.lang.String)[pri:0, instance:Merlin_domain.TC_0001@54e1c68b]" started-at="2022-11-23T23:39:36 IST" name="browser" finished-at="2022-11-23T23:39:41 IST" duration-ms="5624" status="PASS">
          <params>
            <param index="0">
              <value>
                <![CDATA[chrome]]>
              </value>
            </param>
          </params>
          <reporter-output>
          </reporter-output>
        </test-method> <!-- browser -->
        <test-method signature="Login_FB()[pri:0, instance:Merlin_domain.TC_0001@54e1c68b]" started-at="2022-11-23T23:39:41 IST" name="Login_FB" finished-at="2022-11-23T23:39:42 IST" duration-ms="409" status="PASS">
          <reporter-output>
          </reporter-output>
        </test-method> <!-- Login_FB -->
        <test-method is-config="true" signature="teardown()[pri:0, instance:Merlin_domain.TC_0001@54e1c68b]" started-at="2022-11-23T23:39:42 IST" name="teardown" finished-at="2022-11-23T23:39:42 IST" duration-ms="171" status="PASS">
          <reporter-output>
          </reporter-output>
        </test-method> <!-- teardown -->
      </class> <!-- Merlin_domain.TC_0001 -->
    </test> <!-- Test -->
  </suite> <!-- Suite -->
</testng-results>
