<?xml version="1.0" encoding="UTF-8"?>
<testng-results ignored="1" total="8" passed="6" failed="1" skipped="0">
  <reporter-output>
  </reporter-output>
  <suite started-at="2023-02-16T20:20:43 IST" name="Suite" finished-at="2023-02-16T20:22:09 IST" duration-ms="86175">
    <groups>
    </groups>
    <test started-at="2023-02-16T20:20:43 IST" name="chrome" finished-at="2023-02-16T20:22:09 IST" duration-ms="86175">
      <class name="Freedo_domain.web_admin_1">
        <test-method is-config="true" signature="BS()[pri:0, instance:Freedo_domain.web_admin_1@43df23d3]" started-at="2023-02-16T20:20:42 IST" name="BS" finished-at="2023-02-16T20:20:43 IST" duration-ms="1162" status="PASS">
          <reporter-output>
          </reporter-output>
        </test-method> <!-- BS -->
        <test-method is-config="true" signature="browser(java.lang.String)[pri:0, instance:Freedo_domain.web_admin_1@43df23d3]" started-at="2023-02-16T20:20:43 IST" name="browser" finished-at="2023-02-16T20:20:47 IST" duration-ms="3840" status="PASS">
          <params>
            <param index="0">
              <value>
                <![CDATA[chrome]]>
              </value>
            </param>
          </params>
          <reporter-output>
          </reporter-output>
        </test-method> <!-- browser -->
        <test-method signature="TC_001_verify_valid_launch_of_web_application()[pri:0, instance:Freedo_domain.web_admin_1@43df23d3]" started-at="2023-02-16T20:20:47 IST" name="TC_001_verify_valid_launch_of_web_application" finished-at="2023-02-16T20:20:47 IST" duration-ms="53" status="PASS">
          <reporter-output>
          </reporter-output>
        </test-method> <!-- TC_001_verify_valid_launch_of_web_application -->
        <test-method signature="TC_002_verify_invalid_launch_of_web_application()[pri:0, instance:Freedo_domain.web_admin_1@43df23d3]" started-at="2023-02-16T20:20:47 IST" name="TC_002_verify_invalid_launch_of_web_application" finished-at="2023-02-16T20:20:52 IST" duration-ms="4989" status="PASS">
          <reporter-output>
          </reporter-output>
        </test-method> <!-- TC_002_verify_invalid_launch_of_web_application -->
        <test-method signature="TC_003_verify_invalid_Login_functionality()[pri:0, instance:Freedo_domain.web_admin_1@43df23d3]" started-at="2023-02-16T20:20:52 IST" name="TC_003_verify_invalid_Login_functionality" finished-at="2023-02-16T20:20:53 IST" duration-ms="1809" status="PASS">
          <reporter-output>
          </reporter-output>
        </test-method> <!-- TC_003_verify_invalid_Login_functionality -->
        <test-method signature="TC_005_verify_valid_Login_funcationality()[pri:0, instance:Freedo_domain.web_admin_1@43df23d3]" started-at="2023-02-16T20:20:53 IST" name="TC_005_verify_valid_Login_funcationality" finished-at="2023-02-16T20:20:55 IST" duration-ms="1979" status="PASS">
          <reporter-output>
          </reporter-output>
        </test-method> <!-- TC_005_verify_valid_Login_funcationality -->
        <test-method signature="TC_006_verify_content_Home_page_of_Admin()[pri:0, instance:Freedo_domain.web_admin_1@43df23d3]" started-at="2023-02-16T20:20:55 IST" name="TC_006_verify_content_Home_page_of_Admin" finished-at="2023-02-16T20:21:44 IST" duration-ms="48667" status="PASS">
          <reporter-output>
          </reporter-output>
        </test-method> <!-- TC_006_verify_content_Home_page_of_Admin -->
        <test-method signature="TC_007_verify_content_of_Dashboard()[pri:0, instance:Freedo_domain.web_admin_1@43df23d3]" started-at="2023-02-16T20:21:44 IST" name="TC_007_verify_content_of_Dashboard" finished-at="2023-02-16T20:21:57 IST" duration-ms="13188" status="FAIL">
          <exception class="org.openqa.selenium.NoSuchElementException">
            <message>
              <![CDATA[no such element: Unable to locate element: {"method":"xpath","selector":"//p[text()='Total Vehicles']//following-sibling::p"}
  (Session info: chrome=110.0.5481.77)
For documentation on this error, please visit: https://www.seleniumhq.org/exceptions/no_such_element.html
Build info: version: '3.141.59', revision: 'e82be7d358', time: '2018-11-14T08:17:03'
System info: host: 'PRATHMESH', ip: '192.168.1.6', os.name: 'Windows 10', os.arch: 'amd64', os.version: '10.0', java.version: '19.0.1'
Driver info: org.openqa.selenium.chrome.ChromeDriver
Capabilities {acceptInsecureCerts: false, browserName: chrome, browserVersion: 110.0.5481.77, chrome: {chromedriverVersion: 110.0.5481.77 (65ed616c6e8e..., userDataDir: C:\Users\PM\AppData\Local\T...}, goog:chromeOptions: {debuggerAddress: localhost:52599}, javascriptEnabled: true, networkConnectionEnabled: false, pageLoadStrategy: normal, platform: WINDOWS, platformName: WINDOWS, proxy: Proxy(), setWindowRect: true, strictFileInteractability: false, timeouts: {implicit: 0, pageLoad: 300000, script: 30000}, unhandledPromptBehavior: dismiss and notify, webauthn:extension:credBlob: true, webauthn:extension:largeBlob: true, webauthn:virtualAuthenticators: true}
Session ID: 281ee50682581d6ecb5976fc7d258ccf
*** Element info: {Using=xpath, value=//p[text()='Total Vehicles']//following-sibling::p}]]>
            </message>
            <full-stacktrace>
              <![CDATA[org.openqa.selenium.NoSuchElementException: no such element: Unable to locate element: {"method":"xpath","selector":"//p[text()='Total Vehicles']//following-sibling::p"}
  (Session info: chrome=110.0.5481.77)
For documentation on this error, please visit: https://www.seleniumhq.org/exceptions/no_such_element.html
Build info: version: '3.141.59', revision: 'e82be7d358', time: '2018-11-14T08:17:03'
System info: host: 'PRATHMESH', ip: '192.168.1.6', os.name: 'Windows 10', os.arch: 'amd64', os.version: '10.0', java.version: '19.0.1'
Driver info: org.openqa.selenium.chrome.ChromeDriver
Capabilities {acceptInsecureCerts: false, browserName: chrome, browserVersion: 110.0.5481.77, chrome: {chromedriverVersion: 110.0.5481.77 (65ed616c6e8e..., userDataDir: C:\Users\PM\AppData\Local\T...}, goog:chromeOptions: {debuggerAddress: localhost:52599}, javascriptEnabled: true, networkConnectionEnabled: false, pageLoadStrategy: normal, platform: WINDOWS, platformName: WINDOWS, proxy: Proxy(), setWindowRect: true, strictFileInteractability: false, timeouts: {implicit: 0, pageLoad: 300000, script: 30000}, unhandledPromptBehavior: dismiss and notify, webauthn:extension:credBlob: true, webauthn:extension:largeBlob: true, webauthn:virtualAuthenticators: true}
Session ID: 281ee50682581d6ecb5976fc7d258ccf
*** Element info: {Using=xpath, value=//p[text()='Total Vehicles']//following-sibling::p}
at java.base/jdk.internal.reflect.DirectConstructorHandleAccessor.newInstance(DirectConstructorHandleAccessor.java:67)
at java.base/java.lang.reflect.Constructor.newInstanceWithCaller(Constructor.java:500)
at java.base/java.lang.reflect.Constructor.newInstance(Constructor.java:484)
at org.openqa.selenium.remote.http.W3CHttpResponseCodec.createException(W3CHttpResponseCodec.java:187)
at org.openqa.selenium.remote.http.W3CHttpResponseCodec.decode(W3CHttpResponseCodec.java:122)
at org.openqa.selenium.remote.http.W3CHttpResponseCodec.decode(W3CHttpResponseCodec.java:49)
at org.openqa.selenium.remote.HttpCommandExecutor.execute(HttpCommandExecutor.java:158)
at org.openqa.selenium.remote.service.DriverCommandExecutor.execute(DriverCommandExecutor.java:83)
at org.openqa.selenium.remote.RemoteWebDriver.execute(RemoteWebDriver.java:552)
at org.openqa.selenium.remote.RemoteWebDriver.findElement(RemoteWebDriver.java:323)
at org.openqa.selenium.remote.RemoteWebDriver.findElementByXPath(RemoteWebDriver.java:428)
at org.openqa.selenium.By$ByXPath.findElement(By.java:353)
at org.openqa.selenium.remote.RemoteWebDriver.findElement(RemoteWebDriver.java:315)
at org.openqa.selenium.support.pagefactory.DefaultElementLocator.findElement(DefaultElementLocator.java:69)
at org.openqa.selenium.support.pagefactory.internal.LocatingElementHandler.invoke(LocatingElementHandler.java:38)
at jdk.proxy2/jdk.proxy2.$Proxy31.getText(Unknown Source)
at Freedo_domain.web_admin_1.TC_007_verify_content_of_Dashboard(web_admin_1.java:152)
at java.base/jdk.internal.reflect.DirectMethodHandleAccessor.invoke(DirectMethodHandleAccessor.java:104)
at java.base/java.lang.reflect.Method.invoke(Method.java:578)
at org.testng.internal.MethodInvocationHelper.invokeMethod(MethodInvocationHelper.java:133)
at org.testng.internal.TestInvoker.invokeMethod(TestInvoker.java:598)
at org.testng.internal.TestInvoker.invokeTestMethod(TestInvoker.java:173)
at org.testng.internal.MethodRunner.runInSequence(MethodRunner.java:46)
at org.testng.internal.TestInvoker$MethodInvocationAgent.invoke(TestInvoker.java:824)
at org.testng.internal.TestInvoker.invokeTestMethods(TestInvoker.java:146)
at org.testng.internal.TestMethodWorker.invokeTestMethods(TestMethodWorker.java:146)
at org.testng.internal.TestMethodWorker.run(TestMethodWorker.java:128)
at java.base/java.util.ArrayList.forEach(ArrayList.java:1511)
at org.testng.TestRunner.privateRun(TestRunner.java:794)
at org.testng.TestRunner.run(TestRunner.java:596)
at org.testng.SuiteRunner.runTest(SuiteRunner.java:377)
at org.testng.SuiteRunner.runSequentially(SuiteRunner.java:371)
at org.testng.SuiteRunner.privateRun(SuiteRunner.java:332)
at org.testng.SuiteRunner.run(SuiteRunner.java:276)
at org.testng.SuiteRunnerWorker.runSuite(SuiteRunnerWorker.java:53)
at org.testng.SuiteRunnerWorker.run(SuiteRunnerWorker.java:96)
at org.testng.TestNG.runSuitesSequentially(TestNG.java:1212)
at org.testng.TestNG.runSuitesLocally(TestNG.java:1134)
at org.testng.TestNG.runSuites(TestNG.java:1063)
at org.testng.TestNG.run(TestNG.java:1031)
at org.testng.remote.AbstractRemoteTestNG.run(AbstractRemoteTestNG.java:115)
at org.testng.remote.RemoteTestNG.initAndRun(RemoteTestNG.java:251)
at org.testng.remote.RemoteTestNG.main(RemoteTestNG.java:77)
]]>
            </full-stacktrace>
          </exception> <!-- org.openqa.selenium.NoSuchElementException -->
          <reporter-output>
          </reporter-output>
        </test-method> <!-- TC_007_verify_content_of_Dashboard -->
        <test-method signature="TC_008_verify_valid_Vehicle_statistics_count()[pri:0, instance:Freedo_domain.web_admin_1@43df23d3]" started-at="2023-02-16T20:21:58 IST" name="TC_008_verify_valid_Vehicle_statistics_count" finished-at="2023-02-16T20:22:09 IST" duration-ms="11300" status="PASS">
          <reporter-output>
          </reporter-output>
        </test-method> <!-- TC_008_verify_valid_Vehicle_statistics_count -->
        <test-method is-config="true" signature="teardown()[pri:0, instance:Freedo_domain.web_admin_1@43df23d3]" started-at="2023-02-16T20:22:09 IST" name="teardown" finished-at="2023-02-16T20:22:09 IST" duration-ms="83" status="PASS">
          <reporter-output>
          </reporter-output>
        </test-method> <!-- teardown -->
      </class> <!-- Freedo_domain.web_admin_1 -->
    </test> <!-- chrome -->
  </suite> <!-- Suite -->
</testng-results>
