<?xml version="1.0" encoding="UTF-8"?>
<testng-results ignored="0" total="2" passed="2" failed="0" skipped="0">
  <reporter-output>
  </reporter-output>
  <suite started-at="2022-12-06T13:41:55 IST" name="Suite" finished-at="2022-12-06T13:41:55 IST" duration-ms="0">
    <groups>
    </groups>
  </suite> <!-- Suite -->
  <suite started-at="2022-12-06T13:41:51 IST" name="Suite (1)" finished-at="2022-12-06T13:41:55 IST" duration-ms="3482">
    <groups>
    </groups>
    <test started-at="2022-12-06T13:41:51 IST" name="Test" finished-at="2022-12-06T13:41:55 IST" duration-ms="3482">
      <class name="Freedo_domain.TC_0002">
        <test-method is-config="true" signature="BS()[pri:0, instance:Freedo_domain.TC_0002@28cda624]" started-at="2022-12-06T13:41:51 IST" name="BS" finished-at="2022-12-06T13:41:51 IST" duration-ms="86" status="PASS">
          <reporter-output>
          </reporter-output>
        </test-method> <!-- BS -->
        <test-method is-config="true" signature="browser(java.lang.String)[pri:0, instance:Freedo_domain.TC_0002@28cda624]" started-at="2022-12-06T13:41:51 IST" name="browser" finished-at="2022-12-06T13:41:54 IST" duration-ms="2967" status="PASS">
          <params>
            <param index="0">
              <value>
                <![CDATA[chrome]]>
              </value>
            </param>
          </params>
          <reporter-output>
          </reporter-output>
        </test-method> <!-- browser -->
        <test-method signature="Justcheck()[pri:0, instance:Freedo_domain.TC_0002@28cda624]" started-at="2022-12-06T13:41:54 IST" name="Justcheck" finished-at="2022-12-06T13:41:54 IST" duration-ms="4" status="PASS">
          <reporter-output>
          </reporter-output>
        </test-method> <!-- Justcheck -->
        <test-method is-config="true" signature="teardown()[pri:0, instance:Freedo_domain.TC_0002@28cda624]" started-at="2022-12-06T13:41:55 IST" name="teardown" finished-at="2022-12-06T13:41:55 IST" duration-ms="322" status="PASS">
          <reporter-output>
          </reporter-output>
        </test-method> <!-- teardown -->
      </class> <!-- Freedo_domain.TC_0002 -->
    </test> <!-- Test -->
  </suite> <!-- Suite (1) -->
  <suite started-at="2022-12-06T13:41:40 IST" name="Suite (0)" finished-at="2022-12-06T13:41:51 IST" duration-ms="10836">
    <groups>
    </groups>
    <test started-at="2022-12-06T13:41:40 IST" name="Test" finished-at="2022-12-06T13:41:51 IST" duration-ms="10836">
      <class name="Freedo_domain.TC_0001">
        <test-method is-config="true" signature="BS()[pri:0, instance:Freedo_domain.TC_0001@194fad1]" started-at="2022-12-06T13:41:39 IST" name="BS" finished-at="2022-12-06T13:41:40 IST" duration-ms="1466" status="PASS">
          <reporter-output>
          </reporter-output>
        </test-method> <!-- BS -->
        <test-method is-config="true" signature="browser(java.lang.String)[pri:0, instance:Freedo_domain.TC_0001@194fad1]" started-at="2022-12-06T13:41:40 IST" name="browser" finished-at="2022-12-06T13:41:45 IST" duration-ms="4903" status="PASS">
          <params>
            <param index="0">
              <value>
                <![CDATA[chrome]]>
              </value>
            </param>
          </params>
          <reporter-output>
          </reporter-output>
        </test-method> <!-- browser -->
        <test-method signature="Login_FB()[pri:0, instance:Freedo_domain.TC_0001@194fad1]" started-at="2022-12-06T13:41:45 IST" name="Login_FB" finished-at="2022-12-06T13:41:46 IST" duration-ms="749" status="PASS">
          <reporter-output>
          </reporter-output>
        </test-method> <!-- Login_FB -->
        <test-method is-config="true" signature="teardown()[pri:0, instance:Freedo_domain.TC_0001@194fad1]" started-at="2022-12-06T13:41:50 IST" name="teardown" finished-at="2022-12-06T13:41:51 IST" duration-ms="464" status="PASS">
          <reporter-output>
          </reporter-output>
        </test-method> <!-- teardown -->
      </class> <!-- Freedo_domain.TC_0001 -->
    </test> <!-- Test -->
  </suite> <!-- Suite (0) -->
</testng-results>
