<?xml version="1.0" encoding="UTF-8"?>
<testng-results ignored="0" total="1" passed="1" failed="0" skipped="0">
  <reporter-output>
  </reporter-output>
  <suite started-at="2022-11-25T21:42:29 IST" name="Suite" finished-at="2022-11-25T21:42:37 IST" duration-ms="8157">
    <groups>
    </groups>
    <test started-at="2022-11-25T21:42:29 IST" name="chrome" finished-at="2022-11-25T21:42:37 IST" duration-ms="8157">
      <class name="Merlin_domain.TC_0001">
        <test-method is-config="true" signature="BS()[pri:0, instance:Merlin_domain.TC_0001@30e868be]" started-at="2022-11-25T21:42:28 IST" name="BS" finished-at="2022-11-25T21:42:29 IST" duration-ms="887" status="PASS">
          <reporter-output>
          </reporter-output>
        </test-method> <!-- BS -->
        <test-method is-config="true" signature="browser(java.lang.String)[pri:0, instance:Merlin_domain.TC_0001@30e868be]" started-at="2022-11-25T21:42:29 IST" name="browser" finished-at="2022-11-25T21:42:37 IST" duration-ms="7549" status="PASS">
          <params>
            <param index="0">
              <value>
                <![CDATA[chrome]]>
              </value>
            </param>
          </params>
          <reporter-output>
          </reporter-output>
        </test-method> <!-- browser -->
        <test-method signature="Login_FB()[pri:0, instance:Merlin_domain.TC_0001@30e868be]" started-at="2022-11-25T21:42:37 IST" name="Login_FB" finished-at="2022-11-25T21:42:37 IST" duration-ms="183" status="PASS">
          <reporter-output>
          </reporter-output>
        </test-method> <!-- Login_FB -->
        <test-method is-config="true" signature="teardown()[pri:0, instance:Merlin_domain.TC_0001@30e868be]" started-at="2022-11-25T21:42:37 IST" name="teardown" finished-at="2022-11-25T21:42:37 IST" duration-ms="219" status="PASS">
          <reporter-output>
          </reporter-output>
        </test-method> <!-- teardown -->
      </class> <!-- Merlin_domain.TC_0001 -->
    </test> <!-- chrome -->
  </suite> <!-- Suite -->
</testng-results>
