<?xml version="1.0" encoding="UTF-8"?>
<testng-results ignored="0" total="2" passed="2" failed="0" skipped="0">
  <reporter-output>
  </reporter-output>
  <suite started-at="2023-01-05T16:23:04 IST" name="Suite" finished-at="2023-01-05T16:23:19 IST" duration-ms="15060">
    <groups>
    </groups>
    <test started-at="2023-01-05T16:23:04 IST" name="chrome" finished-at="2023-01-05T16:23:19 IST" duration-ms="15060">
      <class name="Freedo_domain.TC_0001">
        <test-method is-config="true" signature="BS()[pri:0, instance:Freedo_domain.TC_0001@3cce5371]" started-at="2023-01-05T16:23:03 IST" name="BS" finished-at="2023-01-05T16:23:04 IST" duration-ms="763" status="PASS">
          <reporter-output>
          </reporter-output>
        </test-method> <!-- BS -->
        <test-method is-config="true" signature="browser(java.lang.String)[pri:0, instance:Freedo_domain.TC_0001@3cce5371]" started-at="2023-01-05T16:23:04 IST" name="browser" finished-at="2023-01-05T16:23:10 IST" duration-ms="5531" status="PASS">
          <params>
            <param index="0">
              <value>
                <![CDATA[chrome]]>
              </value>
            </param>
          </params>
          <reporter-output>
          </reporter-output>
        </test-method> <!-- browser -->
        <test-method signature="Login_Account()[pri:0, instance:Freedo_domain.TC_0001@3cce5371]" started-at="2023-01-05T16:23:10 IST" name="Login_Account" finished-at="2023-01-05T16:23:11 IST" duration-ms="1142" status="PASS">
          <reporter-output>
          </reporter-output>
        </test-method> <!-- Login_Account -->
        <test-method signature="verify_manual_bike_booking()[pri:0, instance:Freedo_domain.TC_0001@3cce5371]" started-at="2023-01-05T16:23:12 IST" name="verify_manual_bike_booking" finished-at="2023-01-05T16:23:19 IST" duration-ms="6945" status="PASS">
          <reporter-output>
          </reporter-output>
        </test-method> <!-- verify_manual_bike_booking -->
        <test-method is-config="true" signature="teardown()[pri:0, instance:Freedo_domain.TC_0001@3cce5371]" started-at="2023-01-05T16:23:19 IST" name="teardown" finished-at="2023-01-05T16:23:19 IST" duration-ms="0" status="PASS">
          <reporter-output>
          </reporter-output>
        </test-method> <!-- teardown -->
      </class> <!-- Freedo_domain.TC_0001 -->
    </test> <!-- chrome -->
  </suite> <!-- Suite -->
</testng-results>
