<?xml version="1.0" encoding="UTF-8"?>
<testng-results ignored="0" total="3" passed="2" failed="1" skipped="0">
  <reporter-output>
  </reporter-output>
  <suite started-at="2023-01-06T00:38:25 IST" name="Suite" finished-at="2023-01-06T00:39:00 IST" duration-ms="34835">
    <groups>
    </groups>
    <test started-at="2023-01-06T00:38:25 IST" name="chrome" finished-at="2023-01-06T00:39:00 IST" duration-ms="34835">
      <class name="Freedo_domain.TC_0001">
        <test-method is-config="true" signature="BS()[pri:0, instance:Freedo_domain.TC_0001@17bffc17]" started-at="2023-01-06T00:38:24 IST" name="BS" finished-at="2023-01-06T00:38:25 IST" duration-ms="848" status="PASS">
          <reporter-output>
          </reporter-output>
        </test-method> <!-- BS -->
        <test-method is-config="true" signature="browser(java.lang.String)[pri:0, instance:Freedo_domain.TC_0001@17bffc17]" started-at="2023-01-06T00:38:25 IST" name="browser" finished-at="2023-01-06T00:38:30 IST" duration-ms="5666" status="PASS">
          <params>
            <param index="0">
              <value>
                <![CDATA[chrome]]>
              </value>
            </param>
          </params>
          <reporter-output>
          </reporter-output>
        </test-method> <!-- browser -->
        <test-method signature="Login_Account()[pri:0, instance:Freedo_domain.TC_0001@17bffc17]" started-at="2023-01-06T00:38:30 IST" name="Login_Account" finished-at="2023-01-06T00:38:31 IST" duration-ms="916" status="PASS">
          <reporter-output>
          </reporter-output>
        </test-method> <!-- Login_Account -->
        <test-method signature="Verify_user_Management_process()[pri:0, instance:Freedo_domain.TC_0001@17bffc17]" started-at="2023-01-06T00:38:33 IST" name="Verify_user_Management_process" finished-at="2023-01-06T00:38:33 IST" duration-ms="3" status="FAIL">
          <exception class="java.lang.NullPointerException">
            <message>
              <![CDATA[Cannot invoke "com.page_object.home_page.getClick_User_Management()" because "Freedo_domain.TC_0001.home" is null]]>
            </message>
            <full-stacktrace>
              <![CDATA[java.lang.NullPointerException: Cannot invoke "com.page_object.home_page.getClick_User_Management()" because "Freedo_domain.TC_0001.home" is null
at Freedo_domain.TC_0001.Verify_user_Management_process(TC_0001.java:47)
at java.base/jdk.internal.reflect.DirectMethodHandleAccessor.invoke(DirectMethodHandleAccessor.java:104)
at java.base/java.lang.reflect.Method.invoke(Method.java:578)
at org.testng.internal.MethodInvocationHelper.invokeMethod(MethodInvocationHelper.java:133)
at org.testng.internal.TestInvoker.invokeMethod(TestInvoker.java:598)
at org.testng.internal.TestInvoker.invokeTestMethod(TestInvoker.java:173)
at org.testng.internal.MethodRunner.runInSequence(MethodRunner.java:46)
at org.testng.internal.TestInvoker$MethodInvocationAgent.invoke(TestInvoker.java:824)
at org.testng.internal.TestInvoker.invokeTestMethods(TestInvoker.java:146)
at org.testng.internal.TestMethodWorker.invokeTestMethods(TestMethodWorker.java:146)
at org.testng.internal.TestMethodWorker.run(TestMethodWorker.java:128)
at java.base/java.util.ArrayList.forEach(ArrayList.java:1511)
at org.testng.TestRunner.privateRun(TestRunner.java:794)
at org.testng.TestRunner.run(TestRunner.java:596)
at org.testng.SuiteRunner.runTest(SuiteRunner.java:377)
at org.testng.SuiteRunner.runSequentially(SuiteRunner.java:371)
at org.testng.SuiteRunner.privateRun(SuiteRunner.java:332)
at org.testng.SuiteRunner.run(SuiteRunner.java:276)
at org.testng.SuiteRunnerWorker.runSuite(SuiteRunnerWorker.java:53)
at org.testng.SuiteRunnerWorker.run(SuiteRunnerWorker.java:96)
at org.testng.TestNG.runSuitesSequentially(TestNG.java:1212)
at org.testng.TestNG.runSuitesLocally(TestNG.java:1134)
at org.testng.TestNG.runSuites(TestNG.java:1063)
at org.testng.TestNG.run(TestNG.java:1031)
at org.testng.remote.AbstractRemoteTestNG.run(AbstractRemoteTestNG.java:115)
at org.testng.remote.RemoteTestNG.initAndRun(RemoteTestNG.java:251)
at org.testng.remote.RemoteTestNG.main(RemoteTestNG.java:77)
]]>
            </full-stacktrace>
          </exception> <!-- java.lang.NullPointerException -->
          <reporter-output>
          </reporter-output>
        </test-method> <!-- Verify_user_Management_process -->
        <test-method signature="verify_manual_bike_booking()[pri:0, instance:Freedo_domain.TC_0001@17bffc17]" started-at="2023-01-06T00:38:33 IST" name="verify_manual_bike_booking" finished-at="2023-01-06T00:38:59 IST" duration-ms="26055" status="PASS">
          <reporter-output>
          </reporter-output>
        </test-method> <!-- verify_manual_bike_booking -->
        <test-method is-config="true" signature="teardown()[pri:0, instance:Freedo_domain.TC_0001@17bffc17]" started-at="2023-01-06T00:39:00 IST" name="teardown" finished-at="2023-01-06T00:39:00 IST" duration-ms="0" status="PASS">
          <reporter-output>
          </reporter-output>
        </test-method> <!-- teardown -->
      </class> <!-- Freedo_domain.TC_0001 -->
    </test> <!-- chrome -->
  </suite> <!-- Suite -->
</testng-results>
