<?xml version="1.0" encoding="UTF-8"?>
<testng-results ignored="1" total="2" passed="1" failed="0" skipped="0">
  <reporter-output>
  </reporter-output>
  <suite started-at="2023-02-09T14:50:59 IST" name="Default suite" finished-at="2023-02-09T14:51:04 IST" duration-ms="4625">
    <groups>
    </groups>
    <test started-at="2023-02-09T14:50:59 IST" name="Default test" finished-at="2023-02-09T14:51:04 IST" duration-ms="4625">
      <class name="Freedo_domain.web_admin_1">
        <test-method is-config="true" signature="BS()[pri:0, instance:Freedo_domain.web_admin_1@399f45b1]" started-at="2023-02-09T14:50:58 IST" name="BS" finished-at="2023-02-09T14:50:59 IST" duration-ms="1246" status="PASS">
          <reporter-output>
          </reporter-output>
        </test-method> <!-- BS -->
        <test-method is-config="true" signature="browser()[pri:0, instance:Freedo_domain.web_admin_1@399f45b1]" started-at="2023-02-09T14:50:59 IST" name="browser" finished-at="2023-02-09T14:51:04 IST" duration-ms="4533" status="PASS">
          <reporter-output>
          </reporter-output>
        </test-method> <!-- browser -->
        <test-method signature="TC_001_verify_valid_launch_of_web_application()[pri:0, instance:Freedo_domain.web_admin_1@399f45b1]" started-at="2023-02-09T14:51:04 IST" name="TC_001_verify_valid_launch_of_web_application" finished-at="2023-02-09T14:51:04 IST" duration-ms="45" status="PASS">
          <reporter-output>
          </reporter-output>
        </test-method> <!-- TC_001_verify_valid_launch_of_web_application -->
        <test-method is-config="true" signature="teardown()[pri:0, instance:Freedo_domain.web_admin_1@399f45b1]" started-at="2023-02-09T14:51:04 IST" name="teardown" finished-at="2023-02-09T14:51:04 IST" duration-ms="0" status="PASS">
          <reporter-output>
          </reporter-output>
        </test-method> <!-- teardown -->
      </class> <!-- Freedo_domain.web_admin_1 -->
    </test> <!-- Default test -->
  </suite> <!-- Default suite -->
</testng-results>
