<?xml version="1.0" encoding="UTF-8"?>
<testng-results ignored="0" total="2" passed="2" failed="0" skipped="0">
  <reporter-output>
  </reporter-output>
  <suite started-at="2022-12-06T00:27:54 IST" name="Suite" finished-at="2022-12-06T00:27:54 IST" duration-ms="0">
    <groups>
    </groups>
  </suite> <!-- Suite -->
  <suite started-at="2022-12-06T00:27:51 IST" name="Suite (1)" finished-at="2022-12-06T00:27:54 IST" duration-ms="2856">
    <groups>
    </groups>
    <test started-at="2022-12-06T00:27:51 IST" name="Test" finished-at="2022-12-06T00:27:54 IST" duration-ms="2856">
      <class name="Freedo_domain.TC_0002">
        <test-method is-config="true" signature="BS()[pri:0, instance:Freedo_domain.TC_0002@69504ae9]" started-at="2022-12-06T00:27:51 IST" name="BS" finished-at="2022-12-06T00:27:51 IST" duration-ms="152" status="PASS">
          <reporter-output>
          </reporter-output>
        </test-method> <!-- BS -->
        <test-method is-config="true" signature="browser(java.lang.String)[pri:0, instance:Freedo_domain.TC_0002@69504ae9]" started-at="2022-12-06T00:27:51 IST" name="browser" finished-at="2022-12-06T00:27:54 IST" duration-ms="2506" status="PASS">
          <params>
            <param index="0">
              <value>
                <![CDATA[chrome]]>
              </value>
            </param>
          </params>
          <reporter-output>
          </reporter-output>
        </test-method> <!-- browser -->
        <test-method signature="TC001()[pri:0, instance:Freedo_domain.TC_0002@69504ae9]" started-at="2022-12-06T00:27:54 IST" name="TC001" finished-at="2022-12-06T00:27:54 IST" duration-ms="3" status="PASS">
          <reporter-output>
          </reporter-output>
        </test-method> <!-- TC001 -->
        <test-method is-config="true" signature="teardown()[pri:0, instance:Freedo_domain.TC_0002@69504ae9]" started-at="2022-12-06T00:27:54 IST" name="teardown" finished-at="2022-12-06T00:27:54 IST" duration-ms="133" status="PASS">
          <reporter-output>
          </reporter-output>
        </test-method> <!-- teardown -->
      </class> <!-- Freedo_domain.TC_0002 -->
    </test> <!-- Test -->
  </suite> <!-- Suite (1) -->
  <suite started-at="2022-12-06T00:27:38 IST" name="Suite (0)" finished-at="2022-12-06T00:27:50 IST" duration-ms="12675">
    <groups>
    </groups>
    <test started-at="2022-12-06T00:27:38 IST" name="Test" finished-at="2022-12-06T00:27:50 IST" duration-ms="12675">
      <class name="Freedo_domain.TC_0001">
        <test-method is-config="true" signature="BS()[pri:0, instance:Freedo_domain.TC_0001@480d3575]" started-at="2022-12-06T00:27:37 IST" name="BS" finished-at="2022-12-06T00:27:38 IST" duration-ms="1064" status="PASS">
          <reporter-output>
          </reporter-output>
        </test-method> <!-- BS -->
        <test-method is-config="true" signature="browser(java.lang.String)[pri:0, instance:Freedo_domain.TC_0001@480d3575]" started-at="2022-12-06T00:27:38 IST" name="browser" finished-at="2022-12-06T00:27:44 IST" duration-ms="6164" status="PASS">
          <params>
            <param index="0">
              <value>
                <![CDATA[chrome]]>
              </value>
            </param>
          </params>
          <reporter-output>
          </reporter-output>
        </test-method> <!-- browser -->
        <test-method signature="Login_FB()[pri:0, instance:Freedo_domain.TC_0001@480d3575]" started-at="2022-12-06T00:27:44 IST" name="Login_FB" finished-at="2022-12-06T00:27:45 IST" duration-ms="674" status="PASS">
          <reporter-output>
          </reporter-output>
        </test-method> <!-- Login_FB -->
        <test-method is-config="true" signature="teardown()[pri:0, instance:Freedo_domain.TC_0001@480d3575]" started-at="2022-12-06T00:27:50 IST" name="teardown" finished-at="2022-12-06T00:27:50 IST" duration-ms="472" status="PASS">
          <reporter-output>
          </reporter-output>
        </test-method> <!-- teardown -->
      </class> <!-- Freedo_domain.TC_0001 -->
    </test> <!-- Test -->
  </suite> <!-- Suite (0) -->
</testng-results>
