<?xml version="1.0" encoding="UTF-8"?>
<testng-results ignored="2" total="3" passed="1" failed="0" skipped="0">
  <reporter-output>
  </reporter-output>
  <suite started-at="2022-11-24T21:56:26 PST" name="Default suite" finished-at="2022-11-24T21:56:26 PST" duration-ms="68">
    <groups>
    </groups>
    <test started-at="2022-11-24T21:56:26 PST" name="Default test" finished-at="2022-11-24T21:56:26 PST" duration-ms="68">
      <class name="personnel_execution.Current_Ac_Test1_28">
        <test-method signature="Test1()[pri:0, instance:personnel_execution.Current_Ac_Test1_28@61862a7f]" started-at="2022-11-24T21:56:26 PST" name="Test1" finished-at="2022-11-24T21:56:26 PST" duration-ms="12" status="PASS">
          <reporter-output>
          </reporter-output>
        </test-method> <!-- Test1 -->
      </class> <!-- personnel_execution.Current_Ac_Test1_28 -->
    </test> <!-- Default test -->
  </suite> <!-- Default suite -->
</testng-results>
