<?xml version="1.0" encoding="UTF-8"?>
<testng-results ignored="0" total="3" passed="3" failed="0" skipped="0">
  <reporter-output>
  </reporter-output>
  <suite started-at="2023-01-06T13:35:32 IST" name="Suite" finished-at="2023-01-06T13:35:54 IST" duration-ms="21811">
    <groups>
    </groups>
    <test started-at="2023-01-06T13:35:32 IST" name="chrome" finished-at="2023-01-06T13:35:54 IST" duration-ms="21811">
      <class name="Freedo_domain.TC_0001">
        <test-method is-config="true" signature="BS()[pri:0, instance:Freedo_domain.TC_0001@15a34df2]" started-at="2023-01-06T13:35:31 IST" name="BS" finished-at="2023-01-06T13:35:32 IST" duration-ms="948" status="PASS">
          <reporter-output>
          </reporter-output>
        </test-method> <!-- BS -->
        <test-method is-config="true" signature="browser(java.lang.String)[pri:0, instance:Freedo_domain.TC_0001@15a34df2]" started-at="2023-01-06T13:35:32 IST" name="browser" finished-at="2023-01-06T13:35:37 IST" duration-ms="5253" status="PASS">
          <params>
            <param index="0">
              <value>
                <![CDATA[chrome]]>
              </value>
            </param>
          </params>
          <reporter-output>
          </reporter-output>
        </test-method> <!-- browser -->
        <test-method signature="Login_Account()[pri:0, instance:Freedo_domain.TC_0001@15a34df2]" started-at="2023-01-06T13:35:37 IST" name="Login_Account" finished-at="2023-01-06T13:35:38 IST" duration-ms="1081" status="PASS">
          <reporter-output>
          </reporter-output>
        </test-method> <!-- Login_Account -->
        <test-method signature="verify_manual_bike_booking()[pri:0, instance:Freedo_domain.TC_0001@15a34df2]" started-at="2023-01-06T13:35:40 IST" name="verify_manual_bike_booking" finished-at="2023-01-06T13:35:47 IST" depends-on-methods="Freedo_domain.TC_0001.Login_Account" duration-ms="7664" status="PASS">
          <reporter-output>
          </reporter-output>
        </test-method> <!-- verify_manual_bike_booking -->
        <test-method signature="Verify_user_Management_process()[pri:0, instance:Freedo_domain.TC_0001@15a34df2]" started-at="2023-01-06T13:35:48 IST" name="Verify_user_Management_process" finished-at="2023-01-06T13:35:53 IST" depends-on-methods="Freedo_domain.TC_0001.verify_manual_bike_booking" duration-ms="5912" status="PASS">
          <reporter-output>
          </reporter-output>
        </test-method> <!-- Verify_user_Management_process -->
        <test-method is-config="true" signature="teardown()[pri:0, instance:Freedo_domain.TC_0001@15a34df2]" started-at="2023-01-06T13:35:54 IST" name="teardown" finished-at="2023-01-06T13:35:54 IST" duration-ms="0" status="PASS">
          <reporter-output>
          </reporter-output>
        </test-method> <!-- teardown -->
      </class> <!-- Freedo_domain.TC_0001 -->
    </test> <!-- chrome -->
  </suite> <!-- Suite -->
</testng-results>
