<?xml version="1.0" encoding="UTF-8"?>
<testng-results ignored="0" total="2" passed="2" failed="0" skipped="0">
  <reporter-output>
  </reporter-output>
  <suite started-at="2023-03-15T00:19:04 IST" name="Suite" finished-at="2023-03-15T00:19:24 IST" duration-ms="20418">
    <groups>
    </groups>
    <test started-at="2023-03-15T00:19:04 IST" name="Test" finished-at="2023-03-15T00:19:24 IST" duration-ms="20418">
      <class name="sample.TC_0001">
        <test-method is-config="true" signature="BS()[pri:0, instance:sample.TC_0001@3e6104fc]" started-at="2023-03-15T00:19:03 IST" name="BS" finished-at="2023-03-15T00:19:04 IST" duration-ms="1422" status="PASS">
          <reporter-output>
          </reporter-output>
        </test-method> <!-- BS -->
        <test-method is-config="true" signature="browser()[pri:0, instance:sample.TC_0001@3e6104fc]" started-at="2023-03-15T00:19:04 IST" name="browser" finished-at="2023-03-15T00:19:09 IST" duration-ms="5253" status="PASS">
          <reporter-output>
          </reporter-output>
        </test-method> <!-- browser -->
        <test-method signature="Login_Account()[pri:1, instance:sample.TC_0001@3e6104fc]" started-at="2023-03-15T00:19:09 IST" name="Login_Account" finished-at="2023-03-15T00:19:16 IST" duration-ms="6555" status="PASS">
          <reporter-output>
          </reporter-output>
        </test-method> <!-- Login_Account -->
        <test-method signature="TC_0036_verify_the_current_booking_details_under_info_and_summary()[pri:36, instance:sample.TC_0001@3e6104fc]" started-at="2023-03-15T00:19:16 IST" name="TC_0036_verify_the_current_booking_details_under_info_and_summary" finished-at="2023-03-15T00:19:24 IST" duration-ms="8302" status="PASS">
          <reporter-output>
          </reporter-output>
        </test-method> <!-- TC_0036_verify_the_current_booking_details_under_info_and_summary -->
        <test-method is-config="true" signature="teardown()[pri:0, instance:sample.TC_0001@3e6104fc]" started-at="2023-03-15T00:19:24 IST" name="teardown" finished-at="2023-03-15T00:19:24 IST" duration-ms="195" status="PASS">
          <reporter-output>
          </reporter-output>
        </test-method> <!-- teardown -->
      </class> <!-- sample.TC_0001 -->
    </test> <!-- Test -->
  </suite> <!-- Suite -->
</testng-results>
